<?xml version="1.0" encoding="UTF-8" ?>
<testsuite tests="1" failures="0" name="MyTest" time="0.234" errors="0" skipped="0">
  <properties>
    <property name="idea.version" value="2020.3.2"/>
    <property name="java.runtime.name" value="OpenJDK Runtime Environment"/>
    <property name="sun.boot.library.path" value="C:\Users\zdk\.jdks\corretto-1.8.0_282\jre\bin"/>
    <property name="java.vm.version" value="25.282-b08"/>
    <property name="java.vm.vendor" value="Amazon.com Inc."/>
    <property name="maven.multiModuleProjectDirectory" value="F:\project\spring-study"/>
    <property name="java.vendor.url" value="https://aws.amazon.com/corretto/"/>
    <property name="path.separator" value=";"/>
    <property name="guice.disable.misplaced.annotation.check" value="true"/>
    <property name="java.vm.name" value="OpenJDK 64-Bit Server VM"/>
    <property name="file.encoding.pkg" value="sun.io"/>
    <property name="user.script" value=""/>
    <property name="user.country" value="CN"/>
    <property name="sun.java.launcher" value="SUN_STANDARD"/>
    <property name="sun.os.patch.level" value=""/>
    <property name="java.vm.specification.name" value="Java Virtual Machine Specification"/>
    <property name="user.dir" value="F:\project\spring-study"/>
    <property name="java.runtime.version" value="1.8.0_282-b08"/>
    <property name="java.awt.graphicsenv" value="sun.awt.Win32GraphicsEnvironment"/>
    <property name="java.endorsed.dirs" value="C:\Users\zdk\.jdks\corretto-1.8.0_282\jre\lib\endorsed"/>
    <property name="os.arch" value="amd64"/>
    <property name="java.io.tmpdir" value="C:\Users\zdk\AppData\Local\Temp\"/>
    <property name="line.separator" value="
"/>
    <property name="java.vm.specification.vendor" value="Oracle Corporation"/>
    <property name="user.variant" value=""/>
    <property name="os.name" value="Windows 10"/>
    <property name="maven.ext.class.path" value="F:\IntelliJ IDEA 2020.3.2\plugins\maven\lib\maven-event-listener.jar"/>
    <property name="classworlds.conf" value="F:\apache-maven-3.6.3\bin\m2.conf"/>
    <property name="sun.jnu.encoding" value="GBK"/>
    <property name="java.library.path" value="C:\Users\zdk\.jdks\corretto-1.8.0_282\bin;C:\Windows\Sun\Java\bin;C:\Windows\system32;C:\Windows;C:\Program Files (x86)\Common Files\Oracle\Java\javapath;C:\Windows\system32;C:\Windows;C:\Windows\System32\Wbem;C:\Windows\System32\WindowsPowerShell\v1.0\;C:\Windows\System32\OpenSSH\;C:\Program Files (x86)\NVIDIA Corporation\PhysX\Common;C:\Program Files\NVIDIA Corporation\NVIDIA NvDLISR;F:\apache-maven-3.6.3\bin;&quot;F:\JavaJDK\bin;F:\JavaJDK\jre\bin&quot;;.;F:\JavaJDK\lib\dt.jar;F:\JavaJDK\lib\tools.jar;F:\apache-maven-3.6.3\bin;F:\MySQL\bin;C:\Program Files\Git\cmd;C:\Users\zdk\AppData\Local\Microsoft\WindowsApps;;F:\IntelliJ IDEA 2020.3.2\bin;;F:\CLion 2020.3.3\bin;;."/>
    <property name="maven.conf" value="F:\apache-maven-3.6.3/conf"/>
    <property name="java.specification.name" value="Java Platform API Specification"/>
    <property name="java.class.version" value="52.0"/>
    <property name="sun.management.compiler" value="HotSpot 64-Bit Tiered Compilers"/>
    <property name="maven.repo.local" value="F:\apache-maven-3.6.3\repository"/>
    <property name="os.version" value="10.0"/>
    <property name="user.home" value="C:\Users\zdk"/>
    <property name="user.timezone" value="Asia/Shanghai"/>
    <property name="java.awt.printerjob" value="sun.awt.windows.WPrinterJob"/>
    <property name="java.specification.version" value="1.8"/>
    <property name="file.encoding" value="UTF-8"/>
    <property name="user.name" value="zdk"/>
    <property name="java.class.path" value="F:\apache-maven-3.6.3\boot\plexus-classworlds-2.6.0.jar;F:\apache-maven-3.6.3\boot\plexus-classworlds.license;F:\IntelliJ IDEA 2020.3.2\lib\idea_rt.jar"/>
    <property name="java.vm.specification.version" value="1.8"/>
    <property name="sun.arch.data.model" value="64"/>
    <property name="java.home" value="C:\Users\zdk\.jdks\corretto-1.8.0_282\jre"/>
    <property name="sun.java.command" value="org.codehaus.classworlds.Launcher -Didea.version=2020.3.2 -s F:\apache-maven-3.6.3\conf\settings.xml -Dmaven.repo.local=F:\apache-maven-3.6.3\repository install"/>
    <property name="java.specification.vendor" value="Oracle Corporation"/>
    <property name="user.language" value="zh"/>
    <property name="awt.toolkit" value="sun.awt.windows.WToolkit"/>
    <property name="java.vm.info" value="mixed mode"/>
    <property name="java.version" value="1.8.0_282"/>
    <property name="java.ext.dirs" value="C:\Users\zdk\.jdks\corretto-1.8.0_282\jre\lib\ext;C:\Windows\Sun\Java\lib\ext"/>
    <property name="sun.boot.class.path" value="C:\Users\zdk\.jdks\corretto-1.8.0_282\jre\lib\resources.jar;C:\Users\zdk\.jdks\corretto-1.8.0_282\jre\lib\rt.jar;C:\Users\zdk\.jdks\corretto-1.8.0_282\jre\lib\sunrsasign.jar;C:\Users\zdk\.jdks\corretto-1.8.0_282\jre\lib\jsse.jar;C:\Users\zdk\.jdks\corretto-1.8.0_282\jre\lib\jce.jar;C:\Users\zdk\.jdks\corretto-1.8.0_282\jre\lib\charsets.jar;C:\Users\zdk\.jdks\corretto-1.8.0_282\jre\lib\jfr.jar;C:\Users\zdk\.jdks\corretto-1.8.0_282\jre\classes"/>
    <property name="java.vendor" value="Amazon.com Inc."/>
    <property name="maven.home" value="F:\apache-maven-3.6.3"/>
    <property name="file.separator" value="\"/>
    <property name="java.vendor.url.bug" value="https://github.com/corretto/corretto-8/issues/"/>
    <property name="sun.cpu.endian" value="little"/>
    <property name="sun.io.unicode.encoding" value="UnicodeLittle"/>
    <property name="sun.desktop" value="windows"/>
    <property name="sun.cpu.isalist" value="amd64"/>
  </properties>
  <testcase classname="MyTest" name="pTest" time="0.234"/>
</testsuite>